<?xml version="1.0" encoding="UTF-8"?>
<testng-results ignored="0" total="1" passed="1" failed="0" skipped="0">
  <reporter-output>
  </reporter-output>
  <suite started-at="2026-04-03T11:47:47 IST" name="Default suite" finished-at="2026-04-03T11:47:47 IST" duration-ms="65">
    <groups>
    </groups>
    <test started-at="2026-04-03T11:47:47 IST" name="Default test" finished-at="2026-04-03T11:47:47 IST" duration-ms="65">
      <class name="Stream.StreamTest1">
        <test-method signature="streamMap()[pri:0, instance:Stream.StreamTest1@2ef3eef9]" started-at="2026-04-03T11:47:47 IST" name="streamMap" finished-at="2026-04-03T11:47:47 IST" duration-ms="16" status="PASS">
          <reporter-output>
          </reporter-output>
        </test-method> <!-- streamMap -->
      </class> <!-- Stream.StreamTest1 -->
    </test> <!-- Default test -->
  </suite> <!-- Default suite -->
</testng-results>
